2022-03-11 12:54:34 - INFO  -[main] - c.t.s.server.ServerApplication - Starting ServerApplication using Java 11.0.13 on aman-lapi with PID 19134 (/home/aman/RealtimeProjects/serviceley/server/target/classes started by aman in /home/aman/RealtimeProjects/serviceley/server)
2022-03-11 12:54:34 - INFO  -[main] - c.t.s.server.ServerApplication - No active profile set, falling back to default profiles: default
2022-03-11 12:54:36 - INFO  -[main] - o.s.d.r.c.RepositoryConfigurationDelegate - Bootstrapping Spring Data JPA repositories in DEFAULT mode.
2022-03-11 12:54:36 - INFO  -[main] - o.s.d.r.c.RepositoryConfigurationDelegate - Finished Spring Data repository scanning in 190 ms. Found 15 JPA repository interfaces.
2022-03-11 12:54:37 - INFO  -[main] - o.s.b.w.e.tomcat.TomcatWebServer - Tomcat initialized with port(s): 8080 (http)
2022-03-11 12:54:37 - INFO  -[main] - o.a.catalina.core.StandardService - Starting service [Tomcat]
2022-03-11 12:54:37 - INFO  -[main] - o.a.catalina.core.StandardEngine - Starting Servlet engine: [Apache Tomcat/9.0.55]
2022-03-11 12:54:37 - INFO  -[main] - o.a.c.c.C.[Tomcat].[localhost].[/] - Initializing Spring embedded WebApplicationContext
2022-03-11 12:54:37 - INFO  -[main] - o.s.b.w.s.c.ServletWebServerApplicationContext - Root WebApplicationContext: initialization completed in 2931 ms
2022-03-11 12:54:39 - INFO  -[main] - com.zaxxer.hikari.HikariDataSource - HikariPool-1 - Starting...
2022-03-11 12:54:39 - INFO  -[main] - com.zaxxer.hikari.HikariDataSource - HikariPool-1 - Start completed.
2022-03-11 12:54:41 - INFO  -[main] - o.s.o.j.LocalContainerEntityManagerFactoryBean - Initialized JPA EntityManagerFactory for persistence unit 'default'
2022-03-11 12:54:42 - WARN  -[main] - o.s.b.a.o.j.JpaBaseConfiguration$JpaWebConfiguration - spring.jpa.open-in-view is enabled by default. Therefore, database queries may be performed during view rendering. Explicitly configure spring.jpa.open-in-view to disable this warning
2022-03-11 12:54:45 - INFO  -[main] - o.s.s.web.DefaultSecurityFilterChain - Will secure any request with [org.springframework.security.web.context.request.async.WebAsyncManagerIntegrationFilter@7356ec91, org.springframework.security.web.context.SecurityContextPersistenceFilter@1bc80978, org.springframework.security.web.header.HeaderWriterFilter@26e588b7, org.springframework.security.web.authentication.logout.LogoutFilter@fd07138, com.tp.serviceley.server.security.JwtRequestFilter@ad6448e, org.springframework.security.web.savedrequest.RequestCacheAwareFilter@613d42ab, org.springframework.security.web.servletapi.SecurityContextHolderAwareRequestFilter@77035caa, org.springframework.security.web.authentication.AnonymousAuthenticationFilter@3f803fae, org.springframework.security.web.session.SessionManagementFilter@718198db, org.springframework.security.web.access.ExceptionTranslationFilter@6ba8859b, org.springframework.security.web.access.intercept.FilterSecurityInterceptor@43300e64]
2022-03-11 12:54:45 - DEBUG -[main] - o.s.w.s.m.m.a.RequestMappingHandlerAdapter - ControllerAdvice beans: 0 @ModelAttribute, 0 @InitBinder, 1 RequestBodyAdvice, 1 ResponseBodyAdvice
2022-03-11 12:54:45 - DEBUG -[main] - o.s.w.s.m.m.a.RequestMappingHandlerMapping - 41 mappings in 'requestMappingHandlerMapping'
2022-03-11 12:54:45 - DEBUG -[main] - o.s.w.s.h.SimpleUrlHandlerMapping - Patterns [/webjars/**, /**] in 'resourceHandlerMapping'
2022-03-11 12:54:45 - DEBUG -[main] - o.s.w.s.m.m.a.ExceptionHandlerExceptionResolver - ControllerAdvice beans: 0 @ExceptionHandler, 1 ResponseBodyAdvice
2022-03-11 12:54:45 - INFO  -[main] - o.s.b.w.e.tomcat.TomcatWebServer - Tomcat started on port(s): 8080 (http) with context path ''
2022-03-11 12:54:45 - INFO  -[main] - c.t.s.server.ServerApplication - Started ServerApplication in 12.516 seconds (JVM running for 13.857)
2022-03-11 12:55:19 - INFO  -[http-nio-8080-exec-2] - o.a.c.c.C.[Tomcat].[localhost].[/] - Initializing Spring DispatcherServlet 'dispatcherServlet'
2022-03-11 12:55:19 - INFO  -[http-nio-8080-exec-2] - o.s.web.servlet.DispatcherServlet - Initializing Servlet 'dispatcherServlet'
2022-03-11 12:55:19 - DEBUG -[http-nio-8080-exec-2] - o.s.web.servlet.DispatcherServlet - Detected StandardServletMultipartResolver
2022-03-11 12:55:19 - DEBUG -[http-nio-8080-exec-2] - o.s.web.servlet.DispatcherServlet - Detected AcceptHeaderLocaleResolver
2022-03-11 12:55:19 - DEBUG -[http-nio-8080-exec-2] - o.s.web.servlet.DispatcherServlet - Detected FixedThemeResolver
2022-03-11 12:55:19 - DEBUG -[http-nio-8080-exec-2] - o.s.web.servlet.DispatcherServlet - Detected org.springframework.web.servlet.view.DefaultRequestToViewNameTranslator@794daa09
2022-03-11 12:55:19 - DEBUG -[http-nio-8080-exec-2] - o.s.web.servlet.DispatcherServlet - Detected org.springframework.web.servlet.support.SessionFlashMapManager@246701d5
2022-03-11 12:55:19 - DEBUG -[http-nio-8080-exec-2] - o.s.web.servlet.DispatcherServlet - enableLoggingRequestDetails='false': request parameters and headers will be masked to prevent unsafe logging of potentially sensitive data
2022-03-11 12:55:19 - INFO  -[http-nio-8080-exec-2] - o.s.web.servlet.DispatcherServlet - Completed initialization in 4 ms
2022-03-11 12:55:19 - DEBUG -[http-nio-8080-exec-2] - o.s.web.servlet.DispatcherServlet - PUT "/api/user", parameters={}
2022-03-11 12:55:19 - DEBUG -[http-nio-8080-exec-2] - o.s.w.s.m.m.a.RequestMappingHandlerMapping - Mapped to com.tp.serviceley.server.controller.user.UserController#updateUser(UpdateUserDto)
2022-03-11 12:55:19 - DEBUG -[http-nio-8080-exec-2] - o.s.w.s.m.m.a.RequestResponseBodyMethodProcessor - Read "application/json;charset=UTF-8" to [UpdateUserDto(id=null, firstName=Sajal, lastName=Aly, phone=7320865821, email=techpasselgroup@gmail. (truncated)...]
2022-03-11 12:55:19 - ERROR -[http-nio-8080-exec-2] - c.t.s.s.c.user.UserController - User id can't be null.
2022-03-11 12:55:19 - ERROR -[http-nio-8080-exec-2] - c.t.s.s.c.user.UserController - Coming in catch block
2022-03-11 12:55:19 - DEBUG -[http-nio-8080-exec-2] - o.s.w.s.m.m.a.HttpEntityMethodProcessor - Using 'text/plain', given [*/*] and supported [text/plain, */*, text/plain, */*, application/json, application/*+json, application/json, application/*+json, application/cbor]
2022-03-11 12:55:19 - DEBUG -[http-nio-8080-exec-2] - o.s.w.s.m.m.a.HttpEntityMethodProcessor - Writing ["User id can't be null."]
2022-03-11 12:55:19 - DEBUG -[http-nio-8080-exec-2] - o.s.web.servlet.DispatcherServlet - Completed 400 BAD_REQUEST
2022-03-11 19:24:20 - INFO  -[SpringApplicationShutdownHook] - o.s.o.j.LocalContainerEntityManagerFactoryBean - Closing JPA EntityManagerFactory for persistence unit 'default'
2022-03-11 19:24:20 - INFO  -[SpringApplicationShutdownHook] - com.zaxxer.hikari.HikariDataSource - HikariPool-1 - Shutdown initiated...
2022-03-11 19:24:20 - INFO  -[SpringApplicationShutdownHook] - com.zaxxer.hikari.HikariDataSource - HikariPool-1 - Shutdown completed.
2022-03-11 19:24:32 - INFO  -[main] - c.t.s.server.ServerApplication - Starting ServerApplication using Java 11.0.13 on aman-lapi with PID 30137 (/home/aman/RealtimeProjects/serviceley/server/target/classes started by aman in /home/aman/RealtimeProjects/serviceley/server)
2022-03-11 19:24:32 - INFO  -[main] - c.t.s.server.ServerApplication - No active profile set, falling back to default profiles: default
2022-03-11 19:24:33 - INFO  -[main] - o.s.d.r.c.RepositoryConfigurationDelegate - Bootstrapping Spring Data JPA repositories in DEFAULT mode.
2022-03-11 19:24:34 - INFO  -[main] - o.s.d.r.c.RepositoryConfigurationDelegate - Finished Spring Data repository scanning in 198 ms. Found 16 JPA repository interfaces.
2022-03-11 19:24:35 - INFO  -[main] - o.s.b.w.e.tomcat.TomcatWebServer - Tomcat initialized with port(s): 8080 (http)
2022-03-11 19:24:35 - INFO  -[main] - o.a.catalina.core.StandardService - Starting service [Tomcat]
2022-03-11 19:24:35 - INFO  -[main] - o.a.catalina.core.StandardEngine - Starting Servlet engine: [Apache Tomcat/9.0.55]
2022-03-11 19:24:35 - INFO  -[main] - o.a.c.c.C.[Tomcat].[localhost].[/] - Initializing Spring embedded WebApplicationContext
2022-03-11 19:24:35 - INFO  -[main] - o.s.b.w.s.c.ServletWebServerApplicationContext - Root WebApplicationContext: initialization completed in 3056 ms
2022-03-11 19:24:36 - INFO  -[main] - com.zaxxer.hikari.HikariDataSource - HikariPool-1 - Starting...
2022-03-11 19:24:37 - INFO  -[main] - com.zaxxer.hikari.HikariDataSource - HikariPool-1 - Start completed.
2022-03-11 19:24:44 - INFO  -[main] - o.s.o.j.LocalContainerEntityManagerFactoryBean - Initialized JPA EntityManagerFactory for persistence unit 'default'
2022-03-11 19:24:45 - WARN  -[main] - o.s.b.a.o.j.JpaBaseConfiguration$JpaWebConfiguration - spring.jpa.open-in-view is enabled by default. Therefore, database queries may be performed during view rendering. Explicitly configure spring.jpa.open-in-view to disable this warning
2022-03-11 19:24:48 - INFO  -[main] - o.s.s.web.DefaultSecurityFilterChain - Will secure any request with [org.springframework.security.web.context.request.async.WebAsyncManagerIntegrationFilter@24bc52ce, org.springframework.security.web.context.SecurityContextPersistenceFilter@6419726f, org.springframework.security.web.header.HeaderWriterFilter@213fc7e7, org.springframework.security.web.authentication.logout.LogoutFilter@6f2f4b9e, com.tp.serviceley.server.security.JwtRequestFilter@7205a8b7, org.springframework.security.web.savedrequest.RequestCacheAwareFilter@63f093a, org.springframework.security.web.servletapi.SecurityContextHolderAwareRequestFilter@453fcce2, org.springframework.security.web.authentication.AnonymousAuthenticationFilter@40949bb0, org.springframework.security.web.session.SessionManagementFilter@6da6c10e, org.springframework.security.web.access.ExceptionTranslationFilter@7d45e754, org.springframework.security.web.access.intercept.FilterSecurityInterceptor@7b13ae73]
2022-03-11 19:24:48 - DEBUG -[main] - o.s.w.s.m.m.a.RequestMappingHandlerAdapter - ControllerAdvice beans: 0 @ModelAttribute, 0 @InitBinder, 1 RequestBodyAdvice, 1 ResponseBodyAdvice
2022-03-11 19:24:48 - DEBUG -[main] - o.s.w.s.m.m.a.RequestMappingHandlerMapping - 45 mappings in 'requestMappingHandlerMapping'
2022-03-11 19:24:48 - DEBUG -[main] - o.s.w.s.h.SimpleUrlHandlerMapping - Patterns [/webjars/**, /**] in 'resourceHandlerMapping'
2022-03-11 19:24:48 - DEBUG -[main] - o.s.w.s.m.m.a.ExceptionHandlerExceptionResolver - ControllerAdvice beans: 0 @ExceptionHandler, 1 ResponseBodyAdvice
2022-03-11 19:24:48 - INFO  -[main] - o.s.b.w.e.tomcat.TomcatWebServer - Tomcat started on port(s): 8080 (http) with context path ''
2022-03-11 19:24:48 - INFO  -[main] - c.t.s.server.ServerApplication - Started ServerApplication in 18.049 seconds (JVM running for 19.468)
2022-03-11 19:26:08 - INFO  -[SpringApplicationShutdownHook] - o.s.o.j.LocalContainerEntityManagerFactoryBean - Closing JPA EntityManagerFactory for persistence unit 'default'
2022-03-11 19:26:08 - INFO  -[SpringApplicationShutdownHook] - com.zaxxer.hikari.HikariDataSource - HikariPool-1 - Shutdown initiated...
2022-03-11 19:26:09 - INFO  -[SpringApplicationShutdownHook] - com.zaxxer.hikari.HikariDataSource - HikariPool-1 - Shutdown completed.
